This file contains any messages produced by compilers while
running configure, to aid debugging if configure makes a mistake.

It was created by jabber.el configure 0.7.93, which was
generated by GNU Autoconf 2.63.  Invocation command line was

  $ ./configure 

## --------- ##
## Platform. ##
## --------- ##

hostname = CDF0D8AC228A4AF
uname -m = i686
uname -r = 1.5.25(0.156/4/2)
uname -s = CYGWIN_NT-5.1
uname -v = 2008-06-12 19:34

/usr/bin/uname -p = unknown
/bin/uname -X     = unknown

/bin/arch              = i686
/usr/bin/arch -k       = unknown
/usr/convex/getsysinfo = unknown
/usr/bin/hostinfo      = unknown
/bin/machine           = unknown
/usr/bin/oslevel       = unknown
/bin/universe          = unknown

PATH: /usr/local/bin
PATH: /usr/bin
PATH: /bin
PATH: /usr/X11R6/bin
PATH: /cygdrive/c/CTeX/LOCALT~1/ty/bin
PATH: /cygdrive/c/CTeX/LOCALT~1/cct/bin
PATH: /cygdrive/c/CTeX/texmf/miktex/bin
PATH: /cygdrive/c/CTeX/gs/gs8.51/bin
PATH: /cygdrive/c/CTeX/WinEdt
PATH: /cygdrive/c/WINDOWS/system32
PATH: /cygdrive/c/WINDOWS
PATH: /cygdrive/c/WINDOWS/System32/Wbem
PATH: /cygdrive/c/bin/Python25/Lib/site-packages/PyQt4
PATH: /cygdrive/c/Program Files/MATLAB/R2008a/bin
PATH: /cygdrive/c/Program Files/MATLAB/R2008a/bin/win32
PATH: /cygdrive/c/Program Files/texlive/2008/bin/win32
PATH: /cygdrive/c/Program Files/Graphviz2.22/bin
PATH: /cygdrive/c/Program Files/IDM Computer Solutions/UltraEdit/
PATH: /cygdrive/c/bin/gnuplot/bin
PATH: /cygdrive/c/bin/Python25
PATH: /cygdrive/c/bin/Python25/Scripts
PATH: /cygdrive/c/bin/MinGW/msys/1.0/bin
PATH: /cygdrive/c/bin/MinGW/bin
PATH: /usr/bin
PATH: /usr/lib/lapack


## ----------- ##
## Core tests. ##
## ----------- ##

configure:1829: checking for a BSD-compatible install
configure:1897: result: /usr/bin/install -c
configure:1908: checking whether build environment is sane
configure:1951: result: yes
configure:1976: checking for a thread-safe mkdir -p
configure:2015: result: /usr/bin/mkdir -p
configure:2028: checking for gawk
configure:2044: found /usr/bin/gawk
configure:2055: result: gawk
configure:2066: checking whether make sets $(MAKE)
configure:2088: result: yes
configure:2281: checking for emacs
configure:2311: result: no
configure:2281: checking for xemacs
configure:2311: result: no
configure:2332: checking where .elc files should go
configure:2361: result: ${datadir}/emacs/site-lisp
configure:2370: error: cannot find Emacs

## ---------------- ##
## Cache variables. ##
## ---------------- ##

ac_cv_env_EMACSLOADPATH_set=
ac_cv_env_EMACSLOADPATH_value=
ac_cv_env_EMACS_set=
ac_cv_env_EMACS_value=
ac_cv_env_build_alias_set=
ac_cv_env_build_alias_value=
ac_cv_env_host_alias_set=
ac_cv_env_host_alias_value=
ac_cv_env_target_alias_set=
ac_cv_env_target_alias_value=
ac_cv_path_install='/usr/bin/install -c'
ac_cv_path_mkdir=/usr/bin/mkdir
ac_cv_prog_AWK=gawk
ac_cv_prog_make_make_set=yes
am_cv_lispdir='${datadir}/emacs/site-lisp'

## ----------------- ##
## Output variables. ##
## ----------------- ##

ACLOCAL='${SHELL} /cygdrive/d/PersonalInfo/home/emacs-ext/site-lisp/emacs-jabber-0.7.93/missing --run aclocal-1.10'
AMTAR='${SHELL} /cygdrive/d/PersonalInfo/home/emacs-ext/site-lisp/emacs-jabber-0.7.93/missing --run tar'
AUTOCONF='${SHELL} /cygdrive/d/PersonalInfo/home/emacs-ext/site-lisp/emacs-jabber-0.7.93/missing --run autoconf'
AUTOHEADER='${SHELL} /cygdrive/d/PersonalInfo/home/emacs-ext/site-lisp/emacs-jabber-0.7.93/missing --run autoheader'
AUTOMAKE='${SHELL} /cygdrive/d/PersonalInfo/home/emacs-ext/site-lisp/emacs-jabber-0.7.93/missing --run automake-1.10'
AWK='gawk'
CYGPATH_W='cygpath -w'
DEFS=''
ECHO_C=''
ECHO_N='-n'
ECHO_T=''
EMACS='no'
EMACSLOADPATH=''
GCONFTOOL=''
GCONF_SCHEMAS_INSTALL_FALSE=''
GCONF_SCHEMAS_INSTALL_TRUE=''
GCONF_SCHEMA_CONFIG_SOURCE=''
GCONF_SCHEMA_FILE_DIR=''
INSTALL_DATA='${INSTALL} -m 644'
INSTALL_PROGRAM='${INSTALL}'
INSTALL_SCRIPT='${INSTALL}'
INSTALL_STRIP_PROGRAM='$(install_sh) -c -s'
LIBOBJS=''
LIBS=''
LTLIBOBJS=''
MAKEINFO='${SHELL} /cygdrive/d/PersonalInfo/home/emacs-ext/site-lisp/emacs-jabber-0.7.93/missing --run makeinfo'
MKDIR_P='/usr/bin/mkdir -p'
PACKAGE='emacs-jabber'
PACKAGE_BUGREPORT='emacs-jabber-general@lists.sourceforge.net'
PACKAGE_NAME='jabber.el'
PACKAGE_STRING='jabber.el 0.7.93'
PACKAGE_TARNAME='emacs-jabber'
PACKAGE_VERSION='0.7.93'
PATH_SEPARATOR=':'
SET_MAKE=''
SHELL='/bin/sh'
STRIP=''
USE_GCONFTOOL_FALSE=''
USE_GCONFTOOL_TRUE=''
USE_OUR_HEX_UTIL_FALSE=''
USE_OUR_HEX_UTIL_TRUE=''
USE_OUR_SHA1_FALSE=''
USE_OUR_SHA1_TRUE=''
VERSION='0.7.93'
am__isrc=''
am__leading_dot='.'
am__tar='${AMTAR} chof - "$$tardir"'
am__untar='${AMTAR} xf -'
bindir='${exec_prefix}/bin'
build_alias=''
datadir='${datarootdir}'
datarootdir='${prefix}/share'
docdir='${datarootdir}/doc/${PACKAGE_TARNAME}'
dvidir='${docdir}'
exec_prefix='NONE'
host_alias=''
htmldir='${docdir}'
includedir='${prefix}/include'
infodir='${datarootdir}/info'
install_sh='$(SHELL) /cygdrive/d/PersonalInfo/home/emacs-ext/site-lisp/emacs-jabber-0.7.93/install-sh'
libdir='${exec_prefix}/lib'
libexecdir='${exec_prefix}/libexec'
lispdir='${datadir}/emacs/site-lisp'
localedir='${datarootdir}/locale'
localstatedir='${prefix}/var'
mandir='${datarootdir}/man'
mkdir_p='/usr/bin/mkdir -p'
oldincludedir='/usr/include'
pdfdir='${docdir}'
prefix='NONE'
program_transform_name='s,x,x,'
psdir='${docdir}'
sbindir='${exec_prefix}/sbin'
sharedstatedir='${prefix}/com'
sysconfdir='${prefix}/etc'
target_alias=''

## ----------- ##
## confdefs.h. ##
## ----------- ##

#define PACKAGE_NAME "jabber.el"
#define PACKAGE_TARNAME "emacs-jabber"
#define PACKAGE_VERSION "0.7.93"
#define PACKAGE_STRING "jabber.el 0.7.93"
#define PACKAGE_BUGREPORT "emacs-jabber-general@lists.sourceforge.net"
#define PACKAGE "emacs-jabber"
#define VERSION "0.7.93"

configure: exit 1
